-- Found ament_cmake: 1.3.3 (/opt/ros/humble/share/ament_cmake/cmake)
-- Found rclcpp: 16.0.3 (/opt/ros/humble/share/rclcpp/cmake)
-- Found rosidl_generator_c: 3.1.4 (/opt/ros/humble/share/rosidl_generator_c/cmake)
-- Found rosidl_adapter: 3.1.4 (/opt/ros/humble/share/rosidl_adapter/cmake)
-- Found rosidl_generator_cpp: 3.1.4 (/opt/ros/humble/share/rosidl_generator_cpp/cmake)
-- Using all available rosidl_typesupport_c: rosidl_typesupport_fastrtps_c;rosidl_typesupport_introspection_c
-- Using all available rosidl_typesupport_cpp: rosidl_typesupport_fastrtps_cpp;rosidl_typesupport_introspection_cpp
-- Found rmw_implementation_cmake: 6.1.1 (/opt/ros/humble/share/rmw_implementation_cmake/cmake)
-- Found rmw_fastrtps_cpp: 6.2.2 (/opt/ros/humble/share/rmw_fastrtps_cpp/cmake)
-- Using RMW implementation 'rmw_fastrtps_cpp' as default
-- Found mavros_msgs: 2.4.0 (/opt/ros/humble/share/mavros_msgs/cmake)
-- Found ament_lint_auto: 0.12.5 (/opt/ros/humble/share/ament_lint_auto/cmake)
-- Added test 'cppcheck' to perform static code analysis on C / C++ code
-- Configured cppcheck include dirs: 
-- Configured cppcheck exclude dirs and/or files: 
-- Added test 'lint_cmake' to check CMake code style
-- Added test 'uncrustify' to check C / C++ code style
-- Configured uncrustify additional arguments: 
-- Added test 'xmllint' to check XML markup files
-- Configuring done
-- Generating done
-- Build files have been written to: /home/fins/桌面/drone_ws/build/offboard_pkg
[ 50%] [32mBuilding CXX object CMakeFiles/offboard_node.dir/src/offboard.cpp.o[0m
[01m[K/home/fins/桌面/drone_ws/src/offboard_pkg/src/offboard.cpp:14:59:[m[K [01;35m[Kwarning: [m[K‘[01m[Kmavros_msgs::msg::State_<std::allocator<void> >::ConstPtr[m[K’ is deprecated [[01;35m[K]8;;https://gcc.gnu.org/onlinedocs/gcc/Warning-Options.html#index-Wdeprecated-declarations-Wdeprecated-declarations]8;;[m[K]
   14 | void state_cb(const mavros_msgs::msg::State::ConstPtr& msg[01;35m[K)[m[K {
      |                                                           [01;35m[K^[m[K
In file included from [01m[K/opt/ros/humble/include/mavros_msgs/mavros_msgs/msg/state.hpp:7[m[K,
                 from [01m[K/home/fins/桌面/drone_ws/src/offboard_pkg/src/offboard.cpp:7[m[K:
[01m[K/opt/ros/humble/include/mavros_msgs/mavros_msgs/msg/detail/state__struct.hpp:237:5:[m[K [01;36m[Knote: [m[Kdeclared here
  237 |     [01;36m[KConstPtr[m[K;
      |     [01;36m[K^~~~~~~~[m[K
[01m[K/home/fins/桌面/drone_ws/src/offboard_pkg/src/offboard.cpp:19:71:[m[K [01;35m[Kwarning: [m[K‘[01m[Kgeometry_msgs::msg::PoseStamped_<std::allocator<void> >::ConstPtr[m[K’ is deprecated [[01;35m[K]8;;https://gcc.gnu.org/onlinedocs/gcc/Warning-Options.html#index-Wdeprecated-declarations-Wdeprecated-declarations]8;;[m[K]
   19 | id local_pos_cb(const geometry_msgs::msg::PoseStamped::ConstPtr& msg[01;35m[K)[m[K {
      |                                                                     [01;35m[K^[m[K

In file included from [01m[K/opt/ros/humble/include/geometry_msgs/geometry_msgs/msg/pose_stamped.hpp:7[m[K,
                 from [01m[K/home/fins/桌面/drone_ws/src/offboard_pkg/src/offboard.cpp:6[m[K:
[01m[K/opt/ros/humble/include/geometry_msgs/geometry_msgs/msg/detail/pose_stamped__struct.hpp:115:5:[m[K [01;36m[Knote: [m[Kdeclared here
  115 |     [01;36m[KConstPtr[m[K;
      |     [01;36m[K^~~~~~~~[m[K
[100%] [32m[1mLinking CXX executable offboard_node[0m
[100%] Built target offboard_node
-- Install configuration: ""
-- Up-to-date: /home/fins/桌面/drone_ws/install/offboard_pkg/share/ament_index/resource_index/package_run_dependencies/offboard_pkg
-- Up-to-date: /home/fins/桌面/drone_ws/install/offboard_pkg/share/ament_index/resource_index/parent_prefix_path/offboard_pkg
-- Up-to-date: /home/fins/桌面/drone_ws/install/offboard_pkg/share/offboard_pkg/environment/ament_prefix_path.sh
-- Installing: /home/fins/桌面/drone_ws/install/offboard_pkg/share/offboard_pkg/environment/ament_prefix_path.dsv
-- Up-to-date: /home/fins/桌面/drone_ws/install/offboard_pkg/share/offboard_pkg/environment/path.sh
-- Installing: /home/fins/桌面/drone_ws/install/offboard_pkg/share/offboard_pkg/environment/path.dsv
-- Up-to-date: /home/fins/桌面/drone_ws/install/offboard_pkg/share/offboard_pkg/local_setup.bash
-- Up-to-date: /home/fins/桌面/drone_ws/install/offboard_pkg/share/offboard_pkg/local_setup.sh
-- Up-to-date: /home/fins/桌面/drone_ws/install/offboard_pkg/share/offboard_pkg/local_setup.zsh
-- Installing: /home/fins/桌面/drone_ws/install/offboard_pkg/share/offboard_pkg/local_setup.dsv
-- Installing: /home/fins/桌面/drone_ws/install/offboard_pkg/share/offboard_pkg/package.dsv
-- Up-to-date: /home/fins/桌面/drone_ws/install/offboard_pkg/share/ament_index/resource_index/packages/offboard_pkg
-- Up-to-date: /home/fins/桌面/drone_ws/install/offboard_pkg/share/offboard_pkg/cmake/offboard_pkgConfig.cmake
-- Up-to-date: /home/fins/桌面/drone_ws/install/offboard_pkg/share/offboard_pkg/cmake/offboard_pkgConfig-version.cmake
-- Up-to-date: /home/fins/桌面/drone_ws/install/offboard_pkg/share/offboard_pkg/package.xml
-- Installing: /home/fins/桌面/drone_ws/install/offboard_pkg/lib/offboard_pkg/offboard_node
-- Set runtime path of "/home/fins/桌面/drone_ws/install/offboard_pkg/lib/offboard_pkg/offboard_node" to ""
