[0.010s] Invoking command in '/home/fins/桌面/drone_ws/build/offboard_pkg': CMAKE_PREFIX_PATH=${CMAKE_PREFIX_PATH}:/opt/ros/humble /usr/bin/cmake --build /home/fins/桌面/drone_ws/build/offboard_pkg -- -j8 -l8
[0.025s] -- Found ament_cmake: 1.3.3 (/opt/ros/humble/share/ament_cmake/cmake)
[0.117s] -- Found rclcpp: 16.0.3 (/opt/ros/humble/share/rclcpp/cmake)
[0.136s] -- Found rosidl_generator_c: 3.1.4 (/opt/ros/humble/share/rosidl_generator_c/cmake)
[0.138s] -- Found rosidl_adapter: 3.1.4 (/opt/ros/humble/share/rosidl_adapter/cmake)
[0.142s] -- Found rosidl_generator_cpp: 3.1.4 (/opt/ros/humble/share/rosidl_generator_cpp/cmake)
[0.148s] -- Using all available rosidl_typesupport_c: rosidl_typesupport_fastrtps_c;rosidl_typesupport_introspection_c
[0.158s] -- Using all available rosidl_typesupport_cpp: rosidl_typesupport_fastrtps_cpp;rosidl_typesupport_introspection_cpp
[0.195s] -- Found rmw_implementation_cmake: 6.1.1 (/opt/ros/humble/share/rmw_implementation_cmake/cmake)
[0.195s] -- Found rmw_fastrtps_cpp: 6.2.2 (/opt/ros/humble/share/rmw_fastrtps_cpp/cmake)
[0.272s] -- Using RMW implementation 'rmw_fastrtps_cpp' as default
[0.372s] -- Found mavros_msgs: 2.4.0 (/opt/ros/humble/share/mavros_msgs/cmake)
[0.624s] -- Found ament_lint_auto: 0.12.5 (/opt/ros/humble/share/ament_lint_auto/cmake)
[0.664s] -- Added test 'cppcheck' to perform static code analysis on C / C++ code
[0.664s] -- Configured cppcheck include dirs: 
[0.664s] -- Configured cppcheck exclude dirs and/or files: 
[0.664s] -- Added test 'lint_cmake' to check CMake code style
[0.665s] -- Added test 'uncrustify' to check C / C++ code style
[0.665s] -- Configured uncrustify additional arguments: 
[0.665s] -- Added test 'xmllint' to check XML markup files
[0.666s] -- Configuring done
[0.673s] -- Generating done
[0.674s] -- Build files have been written to: /home/fins/桌面/drone_ws/build/offboard_pkg
[0.696s] [ 50%] [32mBuilding CXX object CMakeFiles/offboard_node.dir/src/offboard.cpp.o[0m
[2.153s] [01m[K/home/fins/桌面/drone_ws/src/offboard_pkg/src/offboard.cpp:14:59:[m[K [01;35m[Kwarning: [m[K‘[01m[Kmavros_msgs::msg::State_<std::allocator<void> >::ConstPtr[m[K’ is deprecated [[01;35m[K]8;;https://gcc.gnu.org/onlinedocs/gcc/Warning-Options.html#index-Wdeprecated-declarations-Wdeprecated-declarations]8;;[m[K]
[2.153s]    14 | void state_cb(const mavros_msgs::msg::State::ConstPtr& msg[01;35m[K)[m[K {
[2.153s]       |                                                           [01;35m[K^[m[K
[2.153s] In file included from [01m[K/opt/ros/humble/include/mavros_msgs/mavros_msgs/msg/state.hpp:7[m[K,
[2.153s]                  from [01m[K/home/fins/桌面/drone_ws/src/offboard_pkg/src/offboard.cpp:7[m[K:
[2.153s] [01m[K/opt/ros/humble/include/mavros_msgs/mavros_msgs/msg/detail/state__struct.hpp:237:5:[m[K [01;36m[Knote: [m[Kdeclared here
[2.153s]   237 |     [01;36m[KConstPtr[m[K;
[2.153s]       |     [01;36m[K^~~~~~~~[m[K
[2.155s] [01m[K/home/fins/桌面/drone_ws/src/offboard_pkg/src/offboard.cpp:19:71:[m[K [01;35m[Kwarning: [m[K‘[01m[Kgeometry_msgs::msg::PoseStamped_<std::allocator<void> >::ConstPtr[m[K’ is deprecated [[01;35m[K]8;;https://gcc.gnu.org/onlinedocs/gcc/Warning-Options.html#index-Wdeprecated-declarations-Wdeprecated-declarations]8;;[m[K]
[2.155s]    19 | id local_pos_cb(const geometry_msgs::msg::PoseStamped::ConstPtr& msg[01;35m[K)[m[K {
[2.155s]       |                                                                     [01;35m[K^[m[K
[2.155s] 
[2.155s] In file included from [01m[K/opt/ros/humble/include/geometry_msgs/geometry_msgs/msg/pose_stamped.hpp:7[m[K,
[2.155s]                  from [01m[K/home/fins/桌面/drone_ws/src/offboard_pkg/src/offboard.cpp:6[m[K:
[2.155s] [01m[K/opt/ros/humble/include/geometry_msgs/geometry_msgs/msg/detail/pose_stamped__struct.hpp:115:5:[m[K [01;36m[Knote: [m[Kdeclared here
[2.155s]   115 |     [01;36m[KConstPtr[m[K;
[2.155s]       |     [01;36m[K^~~~~~~~[m[K
[8.728s] [100%] [32m[1mLinking CXX executable offboard_node[0m
[9.195s] [100%] Built target offboard_node
[9.202s] Invoked command in '/home/fins/桌面/drone_ws/build/offboard_pkg' returned '0': CMAKE_PREFIX_PATH=${CMAKE_PREFIX_PATH}:/opt/ros/humble /usr/bin/cmake --build /home/fins/桌面/drone_ws/build/offboard_pkg -- -j8 -l8
[9.221s] Invoking command in '/home/fins/桌面/drone_ws/build/offboard_pkg': CMAKE_PREFIX_PATH=${CMAKE_PREFIX_PATH}:/opt/ros/humble /usr/bin/cmake --install /home/fins/桌面/drone_ws/build/offboard_pkg
[9.226s] -- Install configuration: ""
[9.227s] -- Up-to-date: /home/fins/桌面/drone_ws/install/offboard_pkg/share/ament_index/resource_index/package_run_dependencies/offboard_pkg
[9.227s] -- Up-to-date: /home/fins/桌面/drone_ws/install/offboard_pkg/share/ament_index/resource_index/parent_prefix_path/offboard_pkg
[9.227s] -- Up-to-date: /home/fins/桌面/drone_ws/install/offboard_pkg/share/offboard_pkg/environment/ament_prefix_path.sh
[9.227s] -- Installing: /home/fins/桌面/drone_ws/install/offboard_pkg/share/offboard_pkg/environment/ament_prefix_path.dsv
[9.227s] -- Up-to-date: /home/fins/桌面/drone_ws/install/offboard_pkg/share/offboard_pkg/environment/path.sh
[9.227s] -- Installing: /home/fins/桌面/drone_ws/install/offboard_pkg/share/offboard_pkg/environment/path.dsv
[9.227s] -- Up-to-date: /home/fins/桌面/drone_ws/install/offboard_pkg/share/offboard_pkg/local_setup.bash
[9.227s] -- Up-to-date: /home/fins/桌面/drone_ws/install/offboard_pkg/share/offboard_pkg/local_setup.sh
[9.227s] -- Up-to-date: /home/fins/桌面/drone_ws/install/offboard_pkg/share/offboard_pkg/local_setup.zsh
[9.227s] -- Installing: /home/fins/桌面/drone_ws/install/offboard_pkg/share/offboard_pkg/local_setup.dsv
[9.227s] -- Installing: /home/fins/桌面/drone_ws/install/offboard_pkg/share/offboard_pkg/package.dsv
[9.227s] -- Up-to-date: /home/fins/桌面/drone_ws/install/offboard_pkg/share/ament_index/resource_index/packages/offboard_pkg
[9.227s] -- Up-to-date: /home/fins/桌面/drone_ws/install/offboard_pkg/share/offboard_pkg/cmake/offboard_pkgConfig.cmake
[9.227s] -- Up-to-date: /home/fins/桌面/drone_ws/install/offboard_pkg/share/offboard_pkg/cmake/offboard_pkgConfig-version.cmake
[9.227s] -- Up-to-date: /home/fins/桌面/drone_ws/install/offboard_pkg/share/offboard_pkg/package.xml
[9.227s] -- Installing: /home/fins/桌面/drone_ws/install/offboard_pkg/lib/offboard_pkg/offboard_node
[9.231s] -- Set runtime path of "/home/fins/桌面/drone_ws/install/offboard_pkg/lib/offboard_pkg/offboard_node" to ""
[9.233s] Invoked command in '/home/fins/桌面/drone_ws/build/offboard_pkg' returned '0': CMAKE_PREFIX_PATH=${CMAKE_PREFIX_PATH}:/opt/ros/humble /usr/bin/cmake --install /home/fins/桌面/drone_ws/build/offboard_pkg
