[0.012s] Invoking command in '/home/fins/桌面/drone_ws/build/drone_control_pkg': CMAKE_PREFIX_PATH=${CMAKE_PREFIX_PATH}:/opt/ros/humble /usr/bin/cmake --build /home/fins/桌面/drone_ws/build/drone_control_pkg -- -j8 -l8
[0.038s] [35m[1mConsolidate compiler generated dependencies of target arm_node[0m
[0.052s] [ 50%] [32mBuilding CXX object CMakeFiles/arm_node.dir/src/arm.cpp.o[0m
[1.578s] [01m[K/home/fins/桌面/drone_ws/src/drone_control_pkg/src/arm.cpp:7:55:[m[K [01;35m[Kwarning: [m[K‘[01m[Kmavros_msgs::msg::State_<std::allocator<void> >::ConstPtr[m[K’ is deprecated [[01;35m[K]8;;https://gcc.gnu.org/onlinedocs/gcc/Warning-Options.html#index-Wdeprecated-declarations-Wdeprecated-declarations]8;;[m[K]
[1.578s]     7 | void get_state(mavros_msgs::msg::State::ConstPtr state[01;35m[K)[m[K
[1.578s]       |                                                       [01;35m[K^[m[K
[1.578s] In file included from [01m[K/opt/ros/humble/include/mavros_msgs/mavros_msgs/msg/state.hpp:7[m[K,
[1.578s]                  from [01m[K/home/fins/桌面/drone_ws/src/drone_control_pkg/src/arm.cpp:3[m[K:
[1.578s] [01m[K/opt/ros/humble/include/mavros_msgs/mavros_msgs/msg/detail/state__struct.hpp:237:5:[m[K [01;36m[Knote: [m[Kdeclared here
[1.578s]   237 |     [01;36m[KConstPtr[m[K;
[1.578s]       |     [01;36m[K^~~~~~~~[m[K
[1.639s] [01m[K/home/fins/桌面/drone_ws/src/drone_control_pkg/src/arm.cpp:[m[K In function ‘[01m[Kint main(int, char**)[m[K’:
[1.639s] [01m[K/home/fins/桌面/drone_ws/src/drone_control_pkg/src/arm.cpp:46:51:[m[K [01;31m[Kerror: [m[Kno matching function for call to ‘[01m[Krclcpp::Client<mavros_msgs::srv::CommandBool>::async_send_request(mavros_msgs::srv::CommandBool::Request&)[m[K’
[1.639s]    46 |     auto response = [01;31m[Karm_client->async_send_request(arm_request)[m[K;
[1.639s]       |                     [01;31m[K~~~~~~~~~~~~~~~~~~~~~~~~~~~~~~^~~~~~~~~~~~~[m[K
[1.639s] In file included from [01m[K/opt/ros/humble/include/rclcpp/rclcpp/callback_group.hpp:24[m[K,
[1.640s]                  from [01m[K/opt/ros/humble/include/rclcpp/rclcpp/any_executable.hpp:20[m[K,
[1.640s]                  from [01m[K/opt/ros/humble/include/rclcpp/rclcpp/memory_strategy.hpp:25[m[K,
[1.640s]                  from [01m[K/opt/ros/humble/include/rclcpp/rclcpp/memory_strategies.hpp:18[m[K,
[1.640s]                  from [01m[K/opt/ros/humble/include/rclcpp/rclcpp/executor_options.hpp:20[m[K,
[1.640s]                  from [01m[K/opt/ros/humble/include/rclcpp/rclcpp/executor.hpp:37[m[K,
[1.640s]                  from [01m[K/opt/ros/humble/include/rclcpp/rclcpp/executors/multi_threaded_executor.hpp:25[m[K,
[1.640s]                  from [01m[K/opt/ros/humble/include/rclcpp/rclcpp/executors.hpp:21[m[K,
[1.640s]                  from [01m[K/opt/ros/humble/include/rclcpp/rclcpp/rclcpp.hpp:155[m[K,
[1.640s]                  from [01m[K/home/fins/桌面/drone_ws/src/drone_control_pkg/src/arm.cpp:1[m[K:
[1.640s] [01m[K/opt/ros/humble/include/rclcpp/rclcpp/client.hpp:643:3:[m[K [01;36m[Knote: [m[Kcandidate: ‘[01m[Ktemplate<class CallbackT, typename std::enable_if<rclcpp::function_traits::same_arguments<CallbackT, std::function<void(std::shared_future<std::shared_ptr<mavros_msgs::srv::CommandBool_Response_<std::allocator<void> > > >)> >::value, void>::type* <anonymous> > rclcpp::Client<ServiceT>::SharedFutureAndRequestId rclcpp::Client<ServiceT>::async_send_request(rclcpp::Client<ServiceT>::SharedRequest, CallbackT&&) [with CallbackT = CallbackT; typename std::enable_if<rclcpp::function_traits::same_arguments<CallbackT, std::function<void(std::shared_future<typename ServiceT::Response::SharedPtr>)> >::value>::type* <anonymous> = <anonymous>; ServiceT = mavros_msgs::srv::CommandBool][m[K’
[1.640s]   643 |   [01;36m[Kasync_send_request[m[K(SharedRequest request, CallbackT && cb)
[1.640s]       |   [01;36m[K^~~~~~~~~~~~~~~~~~[m[K
[1.640s] [01m[K/opt/ros/humble/include/rclcpp/rclcpp/client.hpp:643:3:[m[K [01;36m[Knote: [m[K  template argument deduction/substitution failed:
[1.640s] [01m[K/home/fins/桌面/drone_ws/src/drone_control_pkg/src/arm.cpp:46:51:[m[K [01;36m[Knote: [m[K  candidate expects 2 arguments, 1 provided
[1.640s]    46 |     auto response = [01;36m[Karm_client->async_send_request(arm_request)[m[K;
[1.640s]       |                     [01;36m[K~~~~~~~~~~~~~~~~~~~~~~~~~~~~~~^~~~~~~~~~~~~[m[K
[1.640s] In file included from [01m[K/opt/ros/humble/include/rclcpp/rclcpp/callback_group.hpp:24[m[K,
[1.640s]                  from [01m[K/opt/ros/humble/include/rclcpp/rclcpp/any_executable.hpp:20[m[K,
[1.640s]                  from [01m[K/opt/ros/humble/include/rclcpp/rclcpp/memory_strategy.hpp:25[m[K,
[1.640s]                  from [01m[K/opt/ros/humble/include/rclcpp/rclcpp/memory_strategies.hpp:18[m[K,
[1.640s]                  from [01m[K/opt/ros/humble/include/rclcpp/rclcpp/executor_options.hpp:20[m[K,
[1.640s]                  from [01m[K/opt/ros/humble/include/rclcpp/rclcpp/executor.hpp:37[m[K,
[1.641s]                  from [01m[K/opt/ros/humble/include/rclcpp/rclcpp/executors/multi_threaded_executor.hpp:25[m[K,
[1.641s]                  from [01m[K/opt/ros/humble/include/rclcpp/rclcpp/executors.hpp:21[m[K,
[1.641s]                  from [01m[K/opt/ros/humble/include/rclcpp/rclcpp/rclcpp.hpp:155[m[K,
[1.641s]                  from [01m[K/home/fins/桌面/drone_ws/src/drone_control_pkg/src/arm.cpp:1[m[K:
[1.641s] [01m[K/opt/ros/humble/include/rclcpp/rclcpp/client.hpp:674:3:[m[K [01;36m[Knote: [m[Kcandidate: ‘[01m[Ktemplate<class CallbackT, typename std::enable_if<rclcpp::function_traits::same_arguments<CallbackT, std::function<void(std::shared_future<std::pair<std::shared_ptr<mavros_msgs::srv::CommandBool_Request_<std::allocator<void> > >, std::shared_ptr<mavros_msgs::srv::CommandBool_Response_<std::allocator<void> > > > >)> >::value, void>::type* <anonymous> > rclcpp::Client<ServiceT>::SharedFutureWithRequestAndRequestId rclcpp::Client<ServiceT>::async_send_request(rclcpp::Client<ServiceT>::SharedRequest, CallbackT&&) [with CallbackT = CallbackT; typename std::enable_if<rclcpp::function_traits::same_arguments<CallbackT, std::function<void(std::shared_future<std::pair<typename ServiceT::Request::SharedPtr, typename ServiceT::Response::SharedPtr> >)> >::value>::type* <anonymous> = <anonymous>; ServiceT = mavros_msgs::srv::CommandBool][m[K’
[1.641s]   674 |   [01;36m[Kasync_send_request[m[K(SharedRequest request, CallbackT && cb)
[1.641s]       |   [01;36m[K^~~~~~~~~~~~~~~~~~[m[K
[1.641s] [01m[K/opt/ros/humble/include/rclcpp/rclcpp/client.hpp:674:3:[m[K [01;36m[Knote: [m[K  template argument deduction/substitution failed:
[1.641s] [01m[K/home/fins/桌面/drone_ws/src/drone_control_pkg/src/arm.cpp:46:51:[m[K [01;36m[Knote: [m[K  candidate expects 2 arguments, 1 provided
[1.641s]    46 |     auto response = [01;36m[Karm_client->async_send_request(arm_request)[m[K;
[1.641s]       |                     [01;36m[K~~~~~~~~~~~~~~~~~~~~~~~~~~~~~~^~~~~~~~~~~~~[m[K
[1.641s] In file included from [01m[K/opt/ros/humble/include/rclcpp/rclcpp/callback_group.hpp:24[m[K,
[1.641s]                  from [01m[K/opt/ros/humble/include/rclcpp/rclcpp/any_executable.hpp:20[m[K,
[1.641s]                  from [01m[K/opt/ros/humble/include/rclcpp/rclcpp/memory_strategy.hpp:25[m[K,
[1.641s]                  from [01m[K/opt/ros/humble/include/rclcpp/rclcpp/memory_strategies.hpp:18[m[K,
[1.641s]                  from [01m[K/opt/ros/humble/include/rclcpp/rclcpp/executor_options.hpp:20[m[K,
[1.641s]                  from [01m[K/opt/ros/humble/include/rclcpp/rclcpp/executor.hpp:37[m[K,
[1.641s]                  from [01m[K/opt/ros/humble/include/rclcpp/rclcpp/executors/multi_threaded_executor.hpp:25[m[K,
[1.641s]                  from [01m[K/opt/ros/humble/include/rclcpp/rclcpp/executors.hpp:21[m[K,
[1.641s]                  from [01m[K/opt/ros/humble/include/rclcpp/rclcpp/rclcpp.hpp:155[m[K,
[1.641s]                  from [01m[K/home/fins/桌面/drone_ws/src/drone_control_pkg/src/arm.cpp:1[m[K:
[1.641s] [01m[K/opt/ros/humble/include/rclcpp/rclcpp/client.hpp:608:3:[m[K [01;36m[Knote: [m[Kcandidate: ‘[01m[Krclcpp::Client<ServiceT>::FutureAndRequestId rclcpp::Client<ServiceT>::async_send_request(rclcpp::Client<ServiceT>::SharedRequest) [with ServiceT = mavros_msgs::srv::CommandBool; rclcpp::Client<ServiceT>::SharedRequest = std::shared_ptr<mavros_msgs::srv::CommandBool_Request_<std::allocator<void> > >][m[K’
[1.641s]   608 |   [01;36m[Kasync_send_request[m[K(SharedRequest request)
[1.642s]       |   [01;36m[K^~~~~~~~~~~~~~~~~~[m[K
[1.642s] [01m[K/opt/ros/humble/include/rclcpp/rclcpp/client.hpp:608:36:[m[K [01;36m[Knote: [m[K  no known conversion for argument 1 from ‘[01m[Kmavros_msgs::srv::CommandBool::Request[m[K’ {aka ‘[01m[Kmavros_msgs::srv::CommandBool_Request_<std::allocator<void> >[m[K’} to ‘[01m[Krclcpp::Client<mavros_msgs::srv::CommandBool>::SharedRequest[m[K’ {aka ‘[01m[Kstd::shared_ptr<mavros_msgs::srv::CommandBool_Request_<std::allocator<void> > >[m[K’}
[1.642s]   608 |   async_send_request([01;36m[KSharedRequest request[m[K)
[1.642s]       |                      [01;36m[K~~~~~~~~~~~~~~^~~~~~~[m[K
[3.226s] gmake[2]: *** [CMakeFiles/arm_node.dir/build.make:76：CMakeFiles/arm_node.dir/src/arm.cpp.o] 错误 1
[3.226s] gmake[1]: *** [CMakeFiles/Makefile2:137：CMakeFiles/arm_node.dir/all] 错误 2
[3.226s] gmake: *** [Makefile:146：all] 错误 2
[3.228s] Invoked command in '/home/fins/桌面/drone_ws/build/drone_control_pkg' returned '2': CMAKE_PREFIX_PATH=${CMAKE_PREFIX_PATH}:/opt/ros/humble /usr/bin/cmake --build /home/fins/桌面/drone_ws/build/drone_control_pkg -- -j8 -l8
