[0.194s] DEBUG:colcon:Command line arguments: ['/usr/bin/colcon', 'build', '--packages-select', 'offboard_pkg']
[0.194s] DEBUG:colcon:Parsed command line arguments: Namespace(log_base=None, log_level=None, verb_name='build', build_base='build', install_base='install', merge_install=False, symlink_install=False, test_result_base=None, continue_on_error=False, executor='parallel', parallel_workers=8, event_handlers=None, ignore_user_meta=False, metas=['./colcon.meta'], base_paths=['.'], packages_ignore=None, packages_ignore_regex=None, paths=None, packages_up_to=None, packages_up_to_regex=None, packages_above=None, packages_above_and_dependencies=None, packages_above_depth=None, packages_select_by_dep=None, packages_skip_by_dep=None, packages_skip_up_to=None, packages_select_build_failed=False, packages_skip_build_finished=False, packages_select_test_failures=False, packages_skip_test_passed=False, packages_select=['offboard_pkg'], packages_skip=None, packages_select_regex=None, packages_skip_regex=None, packages_start=None, packages_end=None, allow_overriding=[], cmake_args=None, cmake_target=None, cmake_target_skip_unavailable=False, cmake_clean_cache=False, cmake_clean_first=False, cmake_force_configure=False, ament_cmake_args=None, catkin_cmake_args=None, catkin_skip_building_tests=False, verb_parser=<colcon_defaults.argument_parser.defaults.DefaultArgumentsDecorator object at 0x7f2b5e2aa7d0>, verb_extension=<colcon_core.verb.build.BuildVerb object at 0x7f2b5eb36ad0>, main=<bound method BuildVerb.main of <colcon_core.verb.build.BuildVerb object at 0x7f2b5eb36ad0>>)
[0.216s] Level 1:colcon.colcon_core.package_discovery:discover_packages(colcon_meta) check parameters
[0.216s] Level 1:colcon.colcon_core.package_discovery:discover_packages(recursive) check parameters
[0.216s] Level 1:colcon.colcon_core.package_discovery:discover_packages(ignore) check parameters
[0.216s] Level 1:colcon.colcon_core.package_discovery:discover_packages(path) check parameters
[0.216s] Level 1:colcon.colcon_core.package_discovery:discover_packages(colcon_meta) discover
[0.216s] Level 1:colcon.colcon_core.package_discovery:discover_packages(recursive) discover
[0.216s] INFO:colcon.colcon_core.package_discovery:Crawling recursively for packages in '/home/fins/桌面/drone_ws'
[0.216s] Level 1:colcon.colcon_core.package_identification:_identify(.) by extensions ['ignore', 'ignore_ament_install']
[0.217s] Level 1:colcon.colcon_core.package_identification:_identify(.) by extension 'ignore'
[0.217s] Level 1:colcon.colcon_core.package_identification:_identify(.) by extension 'ignore_ament_install'
[0.217s] Level 1:colcon.colcon_core.package_identification:_identify(.) by extensions ['colcon_pkg']
[0.217s] Level 1:colcon.colcon_core.package_identification:_identify(.) by extension 'colcon_pkg'
[0.217s] Level 1:colcon.colcon_core.package_identification:_identify(.) by extensions ['colcon_meta']
[0.217s] Level 1:colcon.colcon_core.package_identification:_identify(.) by extension 'colcon_meta'
[0.217s] Level 1:colcon.colcon_core.package_identification:_identify(.) by extensions ['ros']
[0.217s] Level 1:colcon.colcon_core.package_identification:_identify(.) by extension 'ros'
[0.224s] Level 1:colcon.colcon_core.package_identification:_identify(.) by extensions ['cmake', 'python']
[0.224s] Level 1:colcon.colcon_core.package_identification:_identify(.) by extension 'cmake'
[0.224s] Level 1:colcon.colcon_core.package_identification:_identify(.) by extension 'python'
[0.224s] Level 1:colcon.colcon_core.package_identification:_identify(.) by extensions ['python_setup_py']
[0.224s] Level 1:colcon.colcon_core.package_identification:_identify(.) by extension 'python_setup_py'
[0.224s] Level 1:colcon.colcon_core.package_identification:_identify(build) by extensions ['ignore', 'ignore_ament_install']
[0.224s] Level 1:colcon.colcon_core.package_identification:_identify(build) by extension 'ignore'
[0.224s] Level 1:colcon.colcon_core.package_identification:_identify(build) ignored
[0.225s] Level 1:colcon.colcon_core.package_identification:_identify(install) by extensions ['ignore', 'ignore_ament_install']
[0.225s] Level 1:colcon.colcon_core.package_identification:_identify(install) by extension 'ignore'
[0.225s] Level 1:colcon.colcon_core.package_identification:_identify(install) ignored
[0.225s] Level 1:colcon.colcon_core.package_identification:_identify(log) by extensions ['ignore', 'ignore_ament_install']
[0.225s] Level 1:colcon.colcon_core.package_identification:_identify(log) by extension 'ignore'
[0.225s] Level 1:colcon.colcon_core.package_identification:_identify(log) ignored
[0.225s] Level 1:colcon.colcon_core.package_identification:_identify(src) by extensions ['ignore', 'ignore_ament_install']
[0.225s] Level 1:colcon.colcon_core.package_identification:_identify(src) by extension 'ignore'
[0.225s] Level 1:colcon.colcon_core.package_identification:_identify(src) by extension 'ignore_ament_install'
[0.225s] Level 1:colcon.colcon_core.package_identification:_identify(src) by extensions ['colcon_pkg']
[0.225s] Level 1:colcon.colcon_core.package_identification:_identify(src) by extension 'colcon_pkg'
[0.225s] Level 1:colcon.colcon_core.package_identification:_identify(src) by extensions ['colcon_meta']
[0.225s] Level 1:colcon.colcon_core.package_identification:_identify(src) by extension 'colcon_meta'
[0.225s] Level 1:colcon.colcon_core.package_identification:_identify(src) by extensions ['ros']
[0.225s] Level 1:colcon.colcon_core.package_identification:_identify(src) by extension 'ros'
[0.225s] Level 1:colcon.colcon_core.package_identification:_identify(src) by extensions ['cmake', 'python']
[0.225s] Level 1:colcon.colcon_core.package_identification:_identify(src) by extension 'cmake'
[0.225s] Level 1:colcon.colcon_core.package_identification:_identify(src) by extension 'python'
[0.225s] Level 1:colcon.colcon_core.package_identification:_identify(src) by extensions ['python_setup_py']
[0.225s] Level 1:colcon.colcon_core.package_identification:_identify(src) by extension 'python_setup_py'
[0.225s] Level 1:colcon.colcon_core.package_identification:_identify(src/drone_control_pkg) by extensions ['ignore', 'ignore_ament_install']
[0.225s] Level 1:colcon.colcon_core.package_identification:_identify(src/drone_control_pkg) by extension 'ignore'
[0.225s] Level 1:colcon.colcon_core.package_identification:_identify(src/drone_control_pkg) by extension 'ignore_ament_install'
[0.225s] Level 1:colcon.colcon_core.package_identification:_identify(src/drone_control_pkg) by extensions ['colcon_pkg']
[0.225s] Level 1:colcon.colcon_core.package_identification:_identify(src/drone_control_pkg) by extension 'colcon_pkg'
[0.225s] Level 1:colcon.colcon_core.package_identification:_identify(src/drone_control_pkg) by extensions ['colcon_meta']
[0.225s] Level 1:colcon.colcon_core.package_identification:_identify(src/drone_control_pkg) by extension 'colcon_meta'
[0.225s] Level 1:colcon.colcon_core.package_identification:_identify(src/drone_control_pkg) by extensions ['ros']
[0.225s] Level 1:colcon.colcon_core.package_identification:_identify(src/drone_control_pkg) by extension 'ros'
[0.227s] DEBUG:colcon.colcon_core.package_identification:Package 'src/drone_control_pkg' with type 'ros.ament_cmake' and name 'drone_control_pkg'
[0.227s] Level 1:colcon.colcon_core.package_identification:_identify(src/offboard_pkg) by extensions ['ignore', 'ignore_ament_install']
[0.227s] Level 1:colcon.colcon_core.package_identification:_identify(src/offboard_pkg) by extension 'ignore'
[0.227s] Level 1:colcon.colcon_core.package_identification:_identify(src/offboard_pkg) by extension 'ignore_ament_install'
[0.227s] Level 1:colcon.colcon_core.package_identification:_identify(src/offboard_pkg) by extensions ['colcon_pkg']
[0.227s] Level 1:colcon.colcon_core.package_identification:_identify(src/offboard_pkg) by extension 'colcon_pkg'
[0.227s] Level 1:colcon.colcon_core.package_identification:_identify(src/offboard_pkg) by extensions ['colcon_meta']
[0.227s] Level 1:colcon.colcon_core.package_identification:_identify(src/offboard_pkg) by extension 'colcon_meta'
[0.227s] Level 1:colcon.colcon_core.package_identification:_identify(src/offboard_pkg) by extensions ['ros']
[0.227s] Level 1:colcon.colcon_core.package_identification:_identify(src/offboard_pkg) by extension 'ros'
[0.228s] DEBUG:colcon.colcon_core.package_identification:Package 'src/offboard_pkg' with type 'ros.ament_cmake' and name 'offboard_pkg'
[0.228s] Level 1:colcon.colcon_core.package_discovery:discover_packages(recursive) using defaults
[0.228s] Level 1:colcon.colcon_core.package_discovery:discover_packages(ignore) discover
[0.228s] Level 1:colcon.colcon_core.package_discovery:discover_packages(ignore) using defaults
[0.228s] Level 1:colcon.colcon_core.package_discovery:discover_packages(path) discover
[0.228s] Level 1:colcon.colcon_core.package_discovery:discover_packages(path) using defaults
[0.243s] INFO:colcon.colcon_core.package_selection:Skipping not selected package 'drone_control_pkg' in 'src/drone_control_pkg'
[0.243s] Level 1:colcon.colcon_core.package_discovery:discover_packages(prefix_path) check parameters
[0.243s] Level 1:colcon.colcon_core.package_discovery:discover_packages(prefix_path) discover
[0.245s] DEBUG:colcon.colcon_installed_package_information.package_discovery:Found 2 installed packages in /home/fins/桌面/drone_ws/install
[0.246s] DEBUG:colcon.colcon_installed_package_information.package_discovery:Found 2 installed packages in /home/fins/桌面/relearn_ws/install
[0.246s] DEBUG:colcon.colcon_installed_package_information.package_discovery:Found 1 installed packages in /home/fins/桌面/test_ws/install
[0.247s] DEBUG:colcon.colcon_installed_package_information.package_discovery:Found 5 installed packages in /home/fins/桌面/mavros_ws/install
[0.248s] DEBUG:colcon.colcon_installed_package_information.package_discovery:Found 276 installed packages in /opt/ros/humble
[0.249s] Level 1:colcon.colcon_core.package_discovery:discover_packages(prefix_path) using defaults
[0.286s] Level 5:colcon.colcon_core.verb:set package 'offboard_pkg' build argument 'cmake_args' from command line to 'None'
[0.286s] Level 5:colcon.colcon_core.verb:set package 'offboard_pkg' build argument 'cmake_target' from command line to 'None'
[0.286s] Level 5:colcon.colcon_core.verb:set package 'offboard_pkg' build argument 'cmake_target_skip_unavailable' from command line to 'False'
[0.286s] Level 5:colcon.colcon_core.verb:set package 'offboard_pkg' build argument 'cmake_clean_cache' from command line to 'False'
[0.286s] Level 5:colcon.colcon_core.verb:set package 'offboard_pkg' build argument 'cmake_clean_first' from command line to 'False'
[0.286s] Level 5:colcon.colcon_core.verb:set package 'offboard_pkg' build argument 'cmake_force_configure' from command line to 'False'
[0.286s] Level 5:colcon.colcon_core.verb:set package 'offboard_pkg' build argument 'ament_cmake_args' from command line to 'None'
[0.286s] Level 5:colcon.colcon_core.verb:set package 'offboard_pkg' build argument 'catkin_cmake_args' from command line to 'None'
[0.286s] Level 5:colcon.colcon_core.verb:set package 'offboard_pkg' build argument 'catkin_skip_building_tests' from command line to 'False'
[0.286s] DEBUG:colcon.colcon_core.verb:Building package 'offboard_pkg' with the following arguments: {'ament_cmake_args': None, 'build_base': '/home/fins/桌面/drone_ws/build/offboard_pkg', 'catkin_cmake_args': None, 'catkin_skip_building_tests': False, 'cmake_args': None, 'cmake_clean_cache': False, 'cmake_clean_first': False, 'cmake_force_configure': False, 'cmake_target': None, 'cmake_target_skip_unavailable': False, 'install_base': '/home/fins/桌面/drone_ws/install/offboard_pkg', 'merge_install': False, 'path': '/home/fins/桌面/drone_ws/src/offboard_pkg', 'symlink_install': False, 'test_result_base': None}
[0.287s] INFO:colcon.colcon_core.executor:Executing jobs using 'parallel' executor
[0.289s] DEBUG:colcon.colcon_parallel_executor.executor.parallel:run_until_complete
[0.289s] INFO:colcon.colcon_ros.task.ament_cmake.build:Building ROS package in '/home/fins/桌面/drone_ws/src/offboard_pkg' with build type 'ament_cmake'
[0.289s] INFO:colcon.colcon_cmake.task.cmake.build:Building CMake package in '/home/fins/桌面/drone_ws/src/offboard_pkg'
[0.292s] INFO:colcon.colcon_core.plugin_system:Skipping extension 'colcon_core.shell.bat': Not used on non-Windows systems
[0.292s] INFO:colcon.colcon_core.shell:Skip shell extension 'powershell' for command environment: Not usable outside of PowerShell
[0.292s] DEBUG:colcon.colcon_core.shell:Skip shell extension 'dsv' for command environment
[0.301s] DEBUG:colcon.colcon_core.event_handler.log_command:Invoking command in '/home/fins/桌面/drone_ws/build/offboard_pkg': CMAKE_PREFIX_PATH=${CMAKE_PREFIX_PATH}:/opt/ros/humble /usr/bin/cmake --build /home/fins/桌面/drone_ws/build/offboard_pkg -- -j8 -l8
[9.355s] DEBUG:colcon.colcon_core.event_handler.log_command:Invoked command in '/home/fins/桌面/drone_ws/build/offboard_pkg' returned '0': CMAKE_PREFIX_PATH=${CMAKE_PREFIX_PATH}:/opt/ros/humble /usr/bin/cmake --build /home/fins/桌面/drone_ws/build/offboard_pkg -- -j8 -l8
[9.381s] DEBUG:colcon.colcon_core.event_handler.log_command:Invoking command in '/home/fins/桌面/drone_ws/build/offboard_pkg': CMAKE_PREFIX_PATH=${CMAKE_PREFIX_PATH}:/opt/ros/humble /usr/bin/cmake --install /home/fins/桌面/drone_ws/build/offboard_pkg
[9.395s] Level 1:colcon.colcon_core.environment:create_environment_scripts_only(offboard_pkg)
[9.395s] DEBUG:colcon.colcon_core.event_handler.log_command:Invoked command in '/home/fins/桌面/drone_ws/build/offboard_pkg' returned '0': CMAKE_PREFIX_PATH=${CMAKE_PREFIX_PATH}:/opt/ros/humble /usr/bin/cmake --install /home/fins/桌面/drone_ws/build/offboard_pkg
[9.398s] Level 1:colcon.colcon_core.environment:checking '/home/fins/桌面/drone_ws/install/offboard_pkg' for CMake module files
[9.398s] Level 1:colcon.colcon_core.environment:checking '/home/fins/桌面/drone_ws/install/offboard_pkg' for CMake config files
[9.398s] Level 1:colcon.colcon_core.shell:create_environment_hook('offboard_pkg', 'cmake_prefix_path')
[9.399s] INFO:colcon.colcon_core.shell:Creating environment hook '/home/fins/桌面/drone_ws/install/offboard_pkg/share/offboard_pkg/hook/cmake_prefix_path.ps1'
[9.400s] INFO:colcon.colcon_core.shell:Creating environment descriptor '/home/fins/桌面/drone_ws/install/offboard_pkg/share/offboard_pkg/hook/cmake_prefix_path.dsv'
[9.400s] INFO:colcon.colcon_core.shell:Creating environment hook '/home/fins/桌面/drone_ws/install/offboard_pkg/share/offboard_pkg/hook/cmake_prefix_path.sh'
[9.401s] Level 1:colcon.colcon_core.environment:checking '/home/fins/桌面/drone_ws/install/offboard_pkg/lib'
[9.401s] Level 1:colcon.colcon_core.environment:checking '/home/fins/桌面/drone_ws/install/offboard_pkg/bin'
[9.401s] Level 1:colcon.colcon_core.environment:checking '/home/fins/桌面/drone_ws/install/offboard_pkg/lib/pkgconfig/offboard_pkg.pc'
[9.401s] Level 1:colcon.colcon_core.environment:checking '/home/fins/桌面/drone_ws/install/offboard_pkg/lib/python3.10/site-packages'
[9.401s] Level 1:colcon.colcon_core.environment:checking '/home/fins/桌面/drone_ws/install/offboard_pkg/bin'
[9.402s] INFO:colcon.colcon_core.shell:Creating package script '/home/fins/桌面/drone_ws/install/offboard_pkg/share/offboard_pkg/package.ps1'
[9.402s] INFO:colcon.colcon_core.shell:Creating package descriptor '/home/fins/桌面/drone_ws/install/offboard_pkg/share/offboard_pkg/package.dsv'
[9.403s] INFO:colcon.colcon_core.shell:Creating package script '/home/fins/桌面/drone_ws/install/offboard_pkg/share/offboard_pkg/package.sh'
[9.403s] INFO:colcon.colcon_core.shell:Creating package script '/home/fins/桌面/drone_ws/install/offboard_pkg/share/offboard_pkg/package.bash'
[9.404s] INFO:colcon.colcon_core.shell:Creating package script '/home/fins/桌面/drone_ws/install/offboard_pkg/share/offboard_pkg/package.zsh'
[9.404s] Level 1:colcon.colcon_core.environment:create_file_with_runtime_dependencies(/home/fins/桌面/drone_ws/install/offboard_pkg/share/colcon-core/packages/offboard_pkg)
[9.421s] Level 1:colcon.colcon_core.environment:create_environment_scripts_only(offboard_pkg)
[9.423s] Level 1:colcon.colcon_core.environment:checking '/home/fins/桌面/drone_ws/install/offboard_pkg' for CMake module files
[9.423s] Level 1:colcon.colcon_core.environment:checking '/home/fins/桌面/drone_ws/install/offboard_pkg' for CMake config files
[9.423s] Level 1:colcon.colcon_core.shell:create_environment_hook('offboard_pkg', 'cmake_prefix_path')
[9.424s] INFO:colcon.colcon_core.shell:Creating environment hook '/home/fins/桌面/drone_ws/install/offboard_pkg/share/offboard_pkg/hook/cmake_prefix_path.ps1'
[9.424s] INFO:colcon.colcon_core.shell:Creating environment descriptor '/home/fins/桌面/drone_ws/install/offboard_pkg/share/offboard_pkg/hook/cmake_prefix_path.dsv'
[9.425s] INFO:colcon.colcon_core.shell:Creating environment hook '/home/fins/桌面/drone_ws/install/offboard_pkg/share/offboard_pkg/hook/cmake_prefix_path.sh'
[9.425s] Level 1:colcon.colcon_core.environment:checking '/home/fins/桌面/drone_ws/install/offboard_pkg/lib'
[9.425s] Level 1:colcon.colcon_core.environment:checking '/home/fins/桌面/drone_ws/install/offboard_pkg/bin'
[9.425s] Level 1:colcon.colcon_core.environment:checking '/home/fins/桌面/drone_ws/install/offboard_pkg/lib/pkgconfig/offboard_pkg.pc'
[9.425s] Level 1:colcon.colcon_core.environment:checking '/home/fins/桌面/drone_ws/install/offboard_pkg/lib/python3.10/site-packages'
[9.425s] Level 1:colcon.colcon_core.environment:checking '/home/fins/桌面/drone_ws/install/offboard_pkg/bin'
[9.426s] INFO:colcon.colcon_core.shell:Creating package script '/home/fins/桌面/drone_ws/install/offboard_pkg/share/offboard_pkg/package.ps1'
[9.426s] INFO:colcon.colcon_core.shell:Creating package descriptor '/home/fins/桌面/drone_ws/install/offboard_pkg/share/offboard_pkg/package.dsv'
[9.427s] INFO:colcon.colcon_core.shell:Creating package script '/home/fins/桌面/drone_ws/install/offboard_pkg/share/offboard_pkg/package.sh'
[9.427s] INFO:colcon.colcon_core.shell:Creating package script '/home/fins/桌面/drone_ws/install/offboard_pkg/share/offboard_pkg/package.bash'
[9.427s] INFO:colcon.colcon_core.shell:Creating package script '/home/fins/桌面/drone_ws/install/offboard_pkg/share/offboard_pkg/package.zsh'
[9.427s] Level 1:colcon.colcon_core.environment:create_file_with_runtime_dependencies(/home/fins/桌面/drone_ws/install/offboard_pkg/share/colcon-core/packages/offboard_pkg)
[9.428s] DEBUG:colcon.colcon_parallel_executor.executor.parallel:closing loop
[9.428s] DEBUG:colcon.colcon_parallel_executor.executor.parallel:loop closed
[9.428s] DEBUG:colcon.colcon_parallel_executor.executor.parallel:run_until_complete finished with '0'
[9.428s] DEBUG:colcon.colcon_core.event_reactor:joining thread
[9.431s] INFO:colcon.colcon_core.plugin_system:Skipping extension 'colcon_notification.desktop_notification.terminal_notifier': Not used on non-Darwin systems
[9.431s] INFO:colcon.colcon_core.plugin_system:Skipping extension 'colcon_notification.desktop_notification.win32': Not used on non-Windows systems
[9.431s] INFO:colcon.colcon_notification.desktop_notification:Sending desktop notification using 'notify2'
[9.439s] DEBUG:colcon.colcon_core.event_reactor:joined thread
[9.440s] INFO:colcon.colcon_core.shell:Creating prefix script '/home/fins/桌面/drone_ws/install/local_setup.ps1'
[9.441s] INFO:colcon.colcon_core.shell:Creating prefix util module '/home/fins/桌面/drone_ws/install/_local_setup_util_ps1.py'
[9.442s] INFO:colcon.colcon_core.shell:Creating prefix chain script '/home/fins/桌面/drone_ws/install/setup.ps1'
[9.443s] INFO:colcon.colcon_core.shell:Creating prefix script '/home/fins/桌面/drone_ws/install/local_setup.sh'
[9.443s] INFO:colcon.colcon_core.shell:Creating prefix util module '/home/fins/桌面/drone_ws/install/_local_setup_util_sh.py'
[9.444s] INFO:colcon.colcon_core.shell:Creating prefix chain script '/home/fins/桌面/drone_ws/install/setup.sh'
[9.445s] INFO:colcon.colcon_core.shell:Creating prefix script '/home/fins/桌面/drone_ws/install/local_setup.bash'
[9.445s] INFO:colcon.colcon_core.shell:Creating prefix chain script '/home/fins/桌面/drone_ws/install/setup.bash'
[9.446s] INFO:colcon.colcon_core.shell:Creating prefix script '/home/fins/桌面/drone_ws/install/local_setup.zsh'
[9.447s] INFO:colcon.colcon_core.shell:Creating prefix chain script '/home/fins/桌面/drone_ws/install/setup.zsh'
