[0.010s] Invoking command in '/home/fins/æ¡Œé¢/drone_ws/build/offboard_pkg': CMAKE_PREFIX_PATH=${CMAKE_PREFIX_PATH}:/opt/ros/humble /usr/bin/cmake --build /home/fins/æ¡Œé¢/drone_ws/build/offboard_pkg -- -j8 -l8
[0.037s] [35m[1mConsolidate compiler generated dependencies of target offboard_node[0m
[0.049s] [ 50%] [32mBuilding CXX object CMakeFiles/offboard_node.dir/src/offboard.cpp.o[0m
[8.147s] [100%] [32m[1mLinking CXX executable offboard_node[0m
[8.617s] [100%] Built target offboard_node
[8.624s] Invoked command in '/home/fins/æ¡Œé¢/drone_ws/build/offboard_pkg' returned '0': CMAKE_PREFIX_PATH=${CMAKE_PREFIX_PATH}:/opt/ros/humble /usr/bin/cmake --build /home/fins/æ¡Œé¢/drone_ws/build/offboard_pkg -- -j8 -l8
[8.644s] Invoking command in '/home/fins/æ¡Œé¢/drone_ws/build/offboard_pkg': CMAKE_PREFIX_PATH=${CMAKE_PREFIX_PATH}:/opt/ros/humble /usr/bin/cmake --install /home/fins/æ¡Œé¢/drone_ws/build/offboard_pkg
[8.649s] -- Install configuration: ""
[8.649s] -- Up-to-date: /home/fins/æ¡Œé¢/drone_ws/install/offboard_pkg/share/ament_index/resource_index/package_run_dependencies/offboard_pkg
[8.649s] -- Up-to-date: /home/fins/æ¡Œé¢/drone_ws/install/offboard_pkg/share/ament_index/resource_index/parent_prefix_path/offboard_pkg
[8.649s] -- Up-to-date: /home/fins/æ¡Œé¢/drone_ws/install/offboard_pkg/share/offboard_pkg/environment/ament_prefix_path.sh
[8.649s] -- Up-to-date: /home/fins/æ¡Œé¢/drone_ws/install/offboard_pkg/share/offboard_pkg/environment/ament_prefix_path.dsv
[8.649s] -- Up-to-date: /home/fins/æ¡Œé¢/drone_ws/install/offboard_pkg/share/offboard_pkg/environment/path.sh
[8.649s] -- Up-to-date: /home/fins/æ¡Œé¢/drone_ws/install/offboard_pkg/share/offboard_pkg/environment/path.dsv
[8.649s] -- Up-to-date: /home/fins/æ¡Œé¢/drone_ws/install/offboard_pkg/share/offboard_pkg/local_setup.bash
[8.649s] -- Up-to-date: /home/fins/æ¡Œé¢/drone_ws/install/offboard_pkg/share/offboard_pkg/local_setup.sh
[8.649s] -- Up-to-date: /home/fins/æ¡Œé¢/drone_ws/install/offboard_pkg/share/offboard_pkg/local_setup.zsh
[8.649s] -- Up-to-date: /home/fins/æ¡Œé¢/drone_ws/install/offboard_pkg/share/offboard_pkg/local_setup.dsv
[8.649s] -- Installing: /home/fins/æ¡Œé¢/drone_ws/install/offboard_pkg/share/offboard_pkg/package.dsv
[8.649s] -- Up-to-date: /home/fins/æ¡Œé¢/drone_ws/install/offboard_pkg/share/ament_index/resource_index/packages/offboard_pkg
[8.649s] -- Up-to-date: /home/fins/æ¡Œé¢/drone_ws/install/offboard_pkg/share/offboard_pkg/cmake/offboard_pkgConfig.cmake
[8.649s] -- Up-to-date: /home/fins/æ¡Œé¢/drone_ws/install/offboard_pkg/share/offboard_pkg/cmake/offboard_pkgConfig-version.cmake
[8.650s] -- Up-to-date: /home/fins/æ¡Œé¢/drone_ws/install/offboard_pkg/share/offboard_pkg/package.xml
[8.650s] -- Installing: /home/fins/æ¡Œé¢/drone_ws/install/offboard_pkg/lib/offboard_pkg/offboard_node
[8.654s] -- Set runtime path of "/home/fins/æ¡Œé¢/drone_ws/install/offboard_pkg/lib/offboard_pkg/offboard_node" to ""
[8.656s] Invoked command in '/home/fins/æ¡Œé¢/drone_ws/build/offboard_pkg' returned '0': CMAKE_PREFIX_PATH=${CMAKE_PREFIX_PATH}:/opt/ros/humble /usr/bin/cmake --install /home/fins/æ¡Œé¢/drone_ws/build/offboard_pkg
