[0.011s] Invoking command in '/home/fins/桌面/drone_ws/build/offboard_pkg': CMAKE_PREFIX_PATH=${CMAKE_PREFIX_PATH}:/opt/ros/humble /usr/bin/cmake /home/fins/桌面/drone_ws/src/offboard_pkg -DCMAKE_INSTALL_PREFIX=/home/fins/桌面/drone_ws/install/offboard_pkg
[0.128s] -- The C compiler identification is GNU 11.3.0
[0.238s] -- The CXX compiler identification is GNU 11.3.0
[0.247s] -- Detecting C compiler ABI info
[0.336s] -- Detecting C compiler ABI info - done
[0.342s] -- Check for working C compiler: /usr/bin/cc - skipped
[0.342s] -- Detecting C compile features
[0.344s] -- Detecting C compile features - done
[0.348s] -- Detecting CXX compiler ABI info
[0.398s] -- Detecting CXX compiler ABI info - done
[0.403s] -- Check for working CXX compiler: /usr/bin/c++ - skipped
[0.403s] -- Detecting CXX compile features
[0.403s] -- Detecting CXX compile features - done
[0.411s] -- Found ament_cmake: 1.3.3 (/opt/ros/humble/share/ament_cmake/cmake)
[0.525s] -- Found Python3: /usr/bin/python3.10 (found version "3.10.6") found components: Interpreter 
[0.602s] -- Found rclcpp: 16.0.3 (/opt/ros/humble/share/rclcpp/cmake)
[0.659s] -- Found rosidl_generator_c: 3.1.4 (/opt/ros/humble/share/rosidl_generator_c/cmake)
[0.665s] -- Found rosidl_adapter: 3.1.4 (/opt/ros/humble/share/rosidl_adapter/cmake)
[0.674s] -- Found rosidl_generator_cpp: 3.1.4 (/opt/ros/humble/share/rosidl_generator_cpp/cmake)
[0.688s] -- Using all available rosidl_typesupport_c: rosidl_typesupport_fastrtps_c;rosidl_typesupport_introspection_c
[0.706s] -- Using all available rosidl_typesupport_cpp: rosidl_typesupport_fastrtps_cpp;rosidl_typesupport_introspection_cpp
[0.764s] -- Found rmw_implementation_cmake: 6.1.1 (/opt/ros/humble/share/rmw_implementation_cmake/cmake)
[0.767s] -- Found rmw_fastrtps_cpp: 6.2.2 (/opt/ros/humble/share/rmw_fastrtps_cpp/cmake)
[0.847s] -- Found OpenSSL: /usr/lib/x86_64-linux-gnu/libcrypto.so (found version "3.0.2")  
[0.867s] -- Found FastRTPS: /opt/ros/humble/include  
[0.897s] -- Using RMW implementation 'rmw_fastrtps_cpp' as default
[0.908s] -- Looking for pthread.h
[0.956s] -- Looking for pthread.h - found
[0.956s] -- Performing Test CMAKE_HAVE_LIBC_PTHREAD
[1.015s] -- Performing Test CMAKE_HAVE_LIBC_PTHREAD - Success
[1.016s] -- Found Threads: TRUE  
[1.135s] -- Found mavros_msgs: 2.4.0 (/opt/ros/humble/share/mavros_msgs/cmake)
[1.417s] -- Found ament_lint_auto: 0.12.5 (/opt/ros/humble/share/ament_lint_auto/cmake)
[1.472s] -- Added test 'cppcheck' to perform static code analysis on C / C++ code
[1.472s] -- Configured cppcheck include dirs: 
[1.472s] -- Configured cppcheck exclude dirs and/or files: 
[1.473s] -- Added test 'lint_cmake' to check CMake code style
[1.474s] -- Added test 'uncrustify' to check C / C++ code style
[1.474s] -- Configured uncrustify additional arguments: 
[1.475s] -- Added test 'xmllint' to check XML markup files
[1.476s] -- Configuring done
[1.479s] -- Generating done
[1.480s] -- Build files have been written to: /home/fins/桌面/drone_ws/build/offboard_pkg
[1.486s] Invoked command in '/home/fins/桌面/drone_ws/build/offboard_pkg' returned '0': CMAKE_PREFIX_PATH=${CMAKE_PREFIX_PATH}:/opt/ros/humble /usr/bin/cmake /home/fins/桌面/drone_ws/src/offboard_pkg -DCMAKE_INSTALL_PREFIX=/home/fins/桌面/drone_ws/install/offboard_pkg
[1.487s] Invoking command in '/home/fins/桌面/drone_ws/build/offboard_pkg': CMAKE_PREFIX_PATH=${CMAKE_PREFIX_PATH}:/opt/ros/humble /usr/bin/cmake --build /home/fins/桌面/drone_ws/build/offboard_pkg -- -j8 -l8
[1.510s] Invoked command in '/home/fins/桌面/drone_ws/build/offboard_pkg' returned '0': CMAKE_PREFIX_PATH=${CMAKE_PREFIX_PATH}:/opt/ros/humble /usr/bin/cmake --build /home/fins/桌面/drone_ws/build/offboard_pkg -- -j8 -l8
[1.532s] Invoking command in '/home/fins/桌面/drone_ws/build/offboard_pkg': CMAKE_PREFIX_PATH=${CMAKE_PREFIX_PATH}:/opt/ros/humble /usr/bin/cmake --install /home/fins/桌面/drone_ws/build/offboard_pkg
[1.537s] -- Install configuration: ""
[1.537s] -- Installing: /home/fins/桌面/drone_ws/install/offboard_pkg/share/ament_index/resource_index/package_run_dependencies/offboard_pkg
[1.537s] -- Installing: /home/fins/桌面/drone_ws/install/offboard_pkg/share/ament_index/resource_index/parent_prefix_path/offboard_pkg
[1.537s] -- Installing: /home/fins/桌面/drone_ws/install/offboard_pkg/share/offboard_pkg/environment/ament_prefix_path.sh
[1.537s] -- Installing: /home/fins/桌面/drone_ws/install/offboard_pkg/share/offboard_pkg/environment/ament_prefix_path.dsv
[1.537s] -- Installing: /home/fins/桌面/drone_ws/install/offboard_pkg/share/offboard_pkg/environment/path.sh
[1.537s] -- Installing: /home/fins/桌面/drone_ws/install/offboard_pkg/share/offboard_pkg/environment/path.dsv
[1.537s] -- Installing: /home/fins/桌面/drone_ws/install/offboard_pkg/share/offboard_pkg/local_setup.bash
[1.537s] -- Installing: /home/fins/桌面/drone_ws/install/offboard_pkg/share/offboard_pkg/local_setup.sh
[1.537s] -- Installing: /home/fins/桌面/drone_ws/install/offboard_pkg/share/offboard_pkg/local_setup.zsh
[1.537s] -- Installing: /home/fins/桌面/drone_ws/install/offboard_pkg/share/offboard_pkg/local_setup.dsv
[1.537s] -- Installing: /home/fins/桌面/drone_ws/install/offboard_pkg/share/offboard_pkg/package.dsv
[1.537s] -- Installing: /home/fins/桌面/drone_ws/install/offboard_pkg/share/ament_index/resource_index/packages/offboard_pkg
[1.538s] -- Installing: /home/fins/桌面/drone_ws/install/offboard_pkg/share/offboard_pkg/cmake/offboard_pkgConfig.cmake
[1.538s] -- Installing: /home/fins/桌面/drone_ws/install/offboard_pkg/share/offboard_pkg/cmake/offboard_pkgConfig-version.cmake
[1.538s] -- Installing: /home/fins/桌面/drone_ws/install/offboard_pkg/share/offboard_pkg/package.xml
[1.539s] Invoked command in '/home/fins/桌面/drone_ws/build/offboard_pkg' returned '0': CMAKE_PREFIX_PATH=${CMAKE_PREFIX_PATH}:/opt/ros/humble /usr/bin/cmake --install /home/fins/桌面/drone_ws/build/offboard_pkg
