[35m[1mConsolidate compiler generated dependencies of target offboard_node[0m
[ 50%] [32mBuilding CXX object CMakeFiles/offboard_node.dir/src/offboard.cpp.o[0m
[100%] [32m[1mLinking CXX executable offboard_node[0m
[100%] Built target offboard_node
-- Install configuration: ""
-- Up-to-date: /home/fins/æ¡Œé¢/drone_ws/install/offboard_pkg/share/ament_index/resource_index/package_run_dependencies/offboard_pkg
-- Up-to-date: /home/fins/æ¡Œé¢/drone_ws/install/offboard_pkg/share/ament_index/resource_index/parent_prefix_path/offboard_pkg
-- Up-to-date: /home/fins/æ¡Œé¢/drone_ws/install/offboard_pkg/share/offboard_pkg/environment/ament_prefix_path.sh
-- Up-to-date: /home/fins/æ¡Œé¢/drone_ws/install/offboard_pkg/share/offboard_pkg/environment/ament_prefix_path.dsv
-- Up-to-date: /home/fins/æ¡Œé¢/drone_ws/install/offboard_pkg/share/offboard_pkg/environment/path.sh
-- Up-to-date: /home/fins/æ¡Œé¢/drone_ws/install/offboard_pkg/share/offboard_pkg/environment/path.dsv
-- Up-to-date: /home/fins/æ¡Œé¢/drone_ws/install/offboard_pkg/share/offboard_pkg/local_setup.bash
-- Up-to-date: /home/fins/æ¡Œé¢/drone_ws/install/offboard_pkg/share/offboard_pkg/local_setup.sh
-- Up-to-date: /home/fins/æ¡Œé¢/drone_ws/install/offboard_pkg/share/offboard_pkg/local_setup.zsh
-- Up-to-date: /home/fins/æ¡Œé¢/drone_ws/install/offboard_pkg/share/offboard_pkg/local_setup.dsv
-- Installing: /home/fins/æ¡Œé¢/drone_ws/install/offboard_pkg/share/offboard_pkg/package.dsv
-- Up-to-date: /home/fins/æ¡Œé¢/drone_ws/install/offboard_pkg/share/ament_index/resource_index/packages/offboard_pkg
-- Up-to-date: /home/fins/æ¡Œé¢/drone_ws/install/offboard_pkg/share/offboard_pkg/cmake/offboard_pkgConfig.cmake
-- Up-to-date: /home/fins/æ¡Œé¢/drone_ws/install/offboard_pkg/share/offboard_pkg/cmake/offboard_pkgConfig-version.cmake
-- Up-to-date: /home/fins/æ¡Œé¢/drone_ws/install/offboard_pkg/share/offboard_pkg/package.xml
-- Installing: /home/fins/æ¡Œé¢/drone_ws/install/offboard_pkg/lib/offboard_pkg/offboard_node
-- Set runtime path of "/home/fins/æ¡Œé¢/drone_ws/install/offboard_pkg/lib/offboard_pkg/offboard_node" to ""
