[0.011s] Invoking command in '/home/fins/æ¡Œé¢/drone_ws/build/offboard_pkg': CMAKE_PREFIX_PATH=${CMAKE_PREFIX_PATH}:/opt/ros/humble /usr/bin/cmake --build /home/fins/æ¡Œé¢/drone_ws/build/offboard_pkg -- -j8 -l8
[0.036s] [35m[1mConsolidate compiler generated dependencies of target offboard_node[0m
[0.047s] [ 50%] [32mBuilding CXX object CMakeFiles/offboard_node.dir/src/offboard.cpp.o[0m
[8.583s] [100%] [32m[1mLinking CXX executable offboard_node[0m
[9.057s] [100%] Built target offboard_node
[9.063s] Invoked command in '/home/fins/æ¡Œé¢/drone_ws/build/offboard_pkg' returned '0': CMAKE_PREFIX_PATH=${CMAKE_PREFIX_PATH}:/opt/ros/humble /usr/bin/cmake --build /home/fins/æ¡Œé¢/drone_ws/build/offboard_pkg -- -j8 -l8
[9.085s] Invoking command in '/home/fins/æ¡Œé¢/drone_ws/build/offboard_pkg': CMAKE_PREFIX_PATH=${CMAKE_PREFIX_PATH}:/opt/ros/humble /usr/bin/cmake --install /home/fins/æ¡Œé¢/drone_ws/build/offboard_pkg
[9.090s] -- Install configuration: ""
[9.090s] -- Up-to-date: /home/fins/æ¡Œé¢/drone_ws/install/offboard_pkg/share/ament_index/resource_index/package_run_dependencies/offboard_pkg
[9.090s] -- Up-to-date: /home/fins/æ¡Œé¢/drone_ws/install/offboard_pkg/share/ament_index/resource_index/parent_prefix_path/offboard_pkg
[9.090s] -- Up-to-date: /home/fins/æ¡Œé¢/drone_ws/install/offboard_pkg/share/offboard_pkg/environment/ament_prefix_path.sh
[9.090s] -- Up-to-date: /home/fins/æ¡Œé¢/drone_ws/install/offboard_pkg/share/offboard_pkg/environment/ament_prefix_path.dsv
[9.090s] -- Up-to-date: /home/fins/æ¡Œé¢/drone_ws/install/offboard_pkg/share/offboard_pkg/environment/path.sh
[9.090s] -- Up-to-date: /home/fins/æ¡Œé¢/drone_ws/install/offboard_pkg/share/offboard_pkg/environment/path.dsv
[9.090s] -- Up-to-date: /home/fins/æ¡Œé¢/drone_ws/install/offboard_pkg/share/offboard_pkg/local_setup.bash
[9.090s] -- Up-to-date: /home/fins/æ¡Œé¢/drone_ws/install/offboard_pkg/share/offboard_pkg/local_setup.sh
[9.090s] -- Up-to-date: /home/fins/æ¡Œé¢/drone_ws/install/offboard_pkg/share/offboard_pkg/local_setup.zsh
[9.090s] -- Up-to-date: /home/fins/æ¡Œé¢/drone_ws/install/offboard_pkg/share/offboard_pkg/local_setup.dsv
[9.091s] -- Installing: /home/fins/æ¡Œé¢/drone_ws/install/offboard_pkg/share/offboard_pkg/package.dsv
[9.091s] -- Up-to-date: /home/fins/æ¡Œé¢/drone_ws/install/offboard_pkg/share/ament_index/resource_index/packages/offboard_pkg
[9.091s] -- Up-to-date: /home/fins/æ¡Œé¢/drone_ws/install/offboard_pkg/share/offboard_pkg/cmake/offboard_pkgConfig.cmake
[9.091s] -- Up-to-date: /home/fins/æ¡Œé¢/drone_ws/install/offboard_pkg/share/offboard_pkg/cmake/offboard_pkgConfig-version.cmake
[9.091s] -- Up-to-date: /home/fins/æ¡Œé¢/drone_ws/install/offboard_pkg/share/offboard_pkg/package.xml
[9.091s] -- Installing: /home/fins/æ¡Œé¢/drone_ws/install/offboard_pkg/lib/offboard_pkg/offboard_node
[9.095s] -- Set runtime path of "/home/fins/æ¡Œé¢/drone_ws/install/offboard_pkg/lib/offboard_pkg/offboard_node" to ""
[9.097s] Invoked command in '/home/fins/æ¡Œé¢/drone_ws/build/offboard_pkg' returned '0': CMAKE_PREFIX_PATH=${CMAKE_PREFIX_PATH}:/opt/ros/humble /usr/bin/cmake --install /home/fins/æ¡Œé¢/drone_ws/build/offboard_pkg
