[0.010s] Invoking command in '/home/fins/æ¡Œé¢/drone_ws/build/drone_control_pkg': CMAKE_PREFIX_PATH=${CMAKE_PREFIX_PATH}:/opt/ros/humble /usr/bin/cmake --build /home/fins/æ¡Œé¢/drone_ws/build/drone_control_pkg -- -j8 -l8
[0.037s] [35m[1mConsolidate compiler generated dependencies of target arm_node[0m
[0.049s] [ 50%] [32mBuilding CXX object CMakeFiles/arm_node.dir/src/arm.cpp.o[0m
[5.861s] [100%] [32m[1mLinking CXX executable arm_node[0m
[6.171s] [100%] Built target arm_node
[6.178s] Invoked command in '/home/fins/æ¡Œé¢/drone_ws/build/drone_control_pkg' returned '0': CMAKE_PREFIX_PATH=${CMAKE_PREFIX_PATH}:/opt/ros/humble /usr/bin/cmake --build /home/fins/æ¡Œé¢/drone_ws/build/drone_control_pkg -- -j8 -l8
[6.196s] Invoking command in '/home/fins/æ¡Œé¢/drone_ws/build/drone_control_pkg': CMAKE_PREFIX_PATH=${CMAKE_PREFIX_PATH}:/opt/ros/humble /usr/bin/cmake --install /home/fins/æ¡Œé¢/drone_ws/build/drone_control_pkg
[6.201s] -- Install configuration: ""
[6.201s] -- Up-to-date: /home/fins/æ¡Œé¢/drone_ws/install/drone_control_pkg/share/ament_index/resource_index/package_run_dependencies/drone_control_pkg
[6.201s] -- Up-to-date: /home/fins/æ¡Œé¢/drone_ws/install/drone_control_pkg/share/ament_index/resource_index/parent_prefix_path/drone_control_pkg
[6.201s] -- Up-to-date: /home/fins/æ¡Œé¢/drone_ws/install/drone_control_pkg/share/drone_control_pkg/environment/ament_prefix_path.sh
[6.201s] -- Up-to-date: /home/fins/æ¡Œé¢/drone_ws/install/drone_control_pkg/share/drone_control_pkg/environment/ament_prefix_path.dsv
[6.201s] -- Up-to-date: /home/fins/æ¡Œé¢/drone_ws/install/drone_control_pkg/share/drone_control_pkg/environment/path.sh
[6.201s] -- Up-to-date: /home/fins/æ¡Œé¢/drone_ws/install/drone_control_pkg/share/drone_control_pkg/environment/path.dsv
[6.201s] -- Up-to-date: /home/fins/æ¡Œé¢/drone_ws/install/drone_control_pkg/share/drone_control_pkg/local_setup.bash
[6.201s] -- Up-to-date: /home/fins/æ¡Œé¢/drone_ws/install/drone_control_pkg/share/drone_control_pkg/local_setup.sh
[6.201s] -- Up-to-date: /home/fins/æ¡Œé¢/drone_ws/install/drone_control_pkg/share/drone_control_pkg/local_setup.zsh
[6.201s] -- Up-to-date: /home/fins/æ¡Œé¢/drone_ws/install/drone_control_pkg/share/drone_control_pkg/local_setup.dsv
[6.201s] -- Installing: /home/fins/æ¡Œé¢/drone_ws/install/drone_control_pkg/share/drone_control_pkg/package.dsv
[6.201s] -- Up-to-date: /home/fins/æ¡Œé¢/drone_ws/install/drone_control_pkg/share/ament_index/resource_index/packages/drone_control_pkg
[6.202s] -- Up-to-date: /home/fins/æ¡Œé¢/drone_ws/install/drone_control_pkg/share/drone_control_pkg/cmake/drone_control_pkgConfig.cmake
[6.202s] -- Up-to-date: /home/fins/æ¡Œé¢/drone_ws/install/drone_control_pkg/share/drone_control_pkg/cmake/drone_control_pkgConfig-version.cmake
[6.202s] -- Up-to-date: /home/fins/æ¡Œé¢/drone_ws/install/drone_control_pkg/share/drone_control_pkg/package.xml
[6.202s] -- Installing: /home/fins/æ¡Œé¢/drone_ws/install/drone_control_pkg/lib/drone_control_pkg/arm_node
[6.204s] -- Set runtime path of "/home/fins/æ¡Œé¢/drone_ws/install/drone_control_pkg/lib/drone_control_pkg/arm_node" to ""
[6.206s] Invoked command in '/home/fins/æ¡Œé¢/drone_ws/build/drone_control_pkg' returned '0': CMAKE_PREFIX_PATH=${CMAKE_PREFIX_PATH}:/opt/ros/humble /usr/bin/cmake --install /home/fins/æ¡Œé¢/drone_ws/build/drone_control_pkg
