[0.010s] Invoking command in '/home/fins/桌面/drone_ws/build/offboard_pkg': CMAKE_PREFIX_PATH=${CMAKE_PREFIX_PATH}:/opt/ros/humble /usr/bin/cmake --build /home/fins/桌面/drone_ws/build/offboard_pkg -- -j8 -l8
[0.036s] [35m[1mConsolidate compiler generated dependencies of target offboard_node[0m
[0.048s] [ 50%] [32mBuilding CXX object CMakeFiles/offboard_node.dir/src/offboard.cpp.o[0m
[1.488s] [01m[K/home/fins/桌面/drone_ws/src/offboard_pkg/src/offboard.cpp:[m[K In function ‘[01m[Kint main(int, char**)[m[K’:
[1.488s] [01m[K/home/fins/桌面/drone_ws/src/offboard_pkg/src/offboard.cpp:31:97:[m[K [01;31m[Kerror: [m[Kno matching function for call to ‘[01m[Krclcpp::QoS::QoS(rclcpp::ReliabilityPolicy)[m[K’
[1.488s]    31 | ion/pose", rclcpp::QoS(rclcpp::ReliabilityPolicy::BestEffort[01;31m[K)[m[K, 10, local_pos_cb);
[1.488s]       |                                                             [01;31m[K^[m[K
[1.488s] 
[1.488s] In file included from [01m[K/opt/ros/humble/include/rclcpp/rclcpp/node_interfaces/node_graph_interface.hpp:32[m[K,
[1.488s]                  from [01m[K/opt/ros/humble/include/rclcpp/rclcpp/client.hpp:42[m[K,
[1.488s]                  from [01m[K/opt/ros/humble/include/rclcpp/rclcpp/callback_group.hpp:24[m[K,
[1.488s]                  from [01m[K/opt/ros/humble/include/rclcpp/rclcpp/any_executable.hpp:20[m[K,
[1.488s]                  from [01m[K/opt/ros/humble/include/rclcpp/rclcpp/memory_strategy.hpp:25[m[K,
[1.488s]                  from [01m[K/opt/ros/humble/include/rclcpp/rclcpp/memory_strategies.hpp:18[m[K,
[1.488s]                  from [01m[K/opt/ros/humble/include/rclcpp/rclcpp/executor_options.hpp:20[m[K,
[1.488s]                  from [01m[K/opt/ros/humble/include/rclcpp/rclcpp/executor.hpp:37[m[K,
[1.488s]                  from [01m[K/opt/ros/humble/include/rclcpp/rclcpp/executors/multi_threaded_executor.hpp:25[m[K,
[1.488s]                  from [01m[K/opt/ros/humble/include/rclcpp/rclcpp/executors.hpp:21[m[K,
[1.489s]                  from [01m[K/opt/ros/humble/include/rclcpp/rclcpp/rclcpp.hpp:155[m[K,
[1.489s]                  from [01m[K/home/fins/桌面/drone_ws/src/offboard_pkg/src/offboard.cpp:1[m[K:
[1.489s] [01m[K/opt/ros/humble/include/rclcpp/rclcpp/qos.hpp:141:3:[m[K [01;36m[Knote: [m[Kcandidate: ‘[01m[Krclcpp::QoS::QoS(size_t)[m[K’
[1.489s]   141 |   [01;36m[KQoS[m[K(size_t history_depth);  // NOLINT(runtime/explicit): conversion constructor
[1.489s]       |   [01;36m[K^~~[m[K
[1.489s] [01m[K/opt/ros/humble/include/rclcpp/rclcpp/qos.hpp:141:14:[m[K [01;36m[Knote: [m[K  no known conversion for argument 1 from ‘[01m[Krclcpp::ReliabilityPolicy[m[K’ to ‘[01m[Ksize_t[m[K’ {aka ‘[01m[Klong unsigned int[m[K’}
[1.489s]   141 |   QoS([01;36m[Ksize_t history_depth[m[K);  // NOLINT(runtime/explicit): conversion constructor
[1.489s]       |       [01;36m[K~~~~~~~^~~~~~~~~~~~~[m[K
[1.489s] [01m[K/opt/ros/humble/include/rclcpp/rclcpp/qos.hpp:128:3:[m[K [01;36m[Knote: [m[Kcandidate: ‘[01m[Krclcpp::QoS::QoS(const rclcpp::QoSInitialization&, const rmw_qos_profile_t&)[m[K’
[1.489s]   128 |   [01;36m[KQoS[m[K(
[1.489s]       |   [01;36m[K^~~[m[K
[1.489s] [01m[K/opt/ros/humble/include/rclcpp/rclcpp/qos.hpp:129:31:[m[K [01;36m[Knote: [m[K  no known conversion for argument 1 from ‘[01m[Krclcpp::ReliabilityPolicy[m[K’ to ‘[01m[Kconst rclcpp::QoSInitialization&[m[K’
[1.489s]   129 |     [01;36m[Kconst QoSInitialization & qos_initialization[m[K,
[1.489s]       |     [01;36m[K~~~~~~~~~~~~~~~~~~~~~~~~~~^~~~~~~~~~~~~~~~~~[m[K
[1.489s] [01m[K/opt/ros/humble/include/rclcpp/rclcpp/qos.hpp:110:21:[m[K [01;36m[Knote: [m[Kcandidate: ‘[01m[Kconstexpr rclcpp::QoS::QoS(const rclcpp::QoS&)[m[K’
[1.489s]   110 | class RCLCPP_PUBLIC [01;36m[KQoS[m[K
[1.489s]       |                     [01;36m[K^~~[m[K
[1.489s] [01m[K/opt/ros/humble/include/rclcpp/rclcpp/qos.hpp:110:21:[m[K [01;36m[Knote: [m[K  no known conversion for argument 1 from ‘[01m[Krclcpp::ReliabilityPolicy[m[K’ to ‘[01m[Kconst rclcpp::QoS&[m[K’
[1.489s] [01m[K/opt/ros/humble/include/rclcpp/rclcpp/qos.hpp:110:21:[m[K [01;36m[Knote: [m[Kcandidate: ‘[01m[Kconstexpr rclcpp::QoS::QoS(rclcpp::QoS&&)[m[K’
[1.489s] [01m[K/opt/ros/humble/include/rclcpp/rclcpp/qos.hpp:110:21:[m[K [01;36m[Knote: [m[K  no known conversion for argument 1 from ‘[01m[Krclcpp::ReliabilityPolicy[m[K’ to ‘[01m[Krclcpp::QoS&&[m[K’
[3.464s] gmake[2]: *** [CMakeFiles/offboard_node.dir/build.make:76：CMakeFiles/offboard_node.dir/src/offboard.cpp.o] 错误 1
[3.464s] gmake[1]: *** [CMakeFiles/Makefile2:137：CMakeFiles/offboard_node.dir/all] 错误 2
[3.464s] gmake: *** [Makefile:146：all] 错误 2
[3.466s] Invoked command in '/home/fins/桌面/drone_ws/build/offboard_pkg' returned '2': CMAKE_PREFIX_PATH=${CMAKE_PREFIX_PATH}:/opt/ros/humble /usr/bin/cmake --build /home/fins/桌面/drone_ws/build/offboard_pkg -- -j8 -l8
